<html>
<head>
<title>TestNG:  ExecuteAllTC</title>
<link href="../testng.css" rel="stylesheet" type="text/css" />
<link href="../my-testng.css" rel="stylesheet" type="text/css" />

<style type="text/css">
.log { display: none;} 
.stack-trace { display: none;} 
</style>
<script type="text/javascript">
<!--
function flip(e) {
  current = e.style.display;
  if (current == 'block') {
    e.style.display = 'none';
    return 0;
  }
  else {
    e.style.display = 'block';
    return 1;
  }
}

function toggleBox(szDivId, elem, msg1, msg2)
{
  var res = -1;  if (document.getElementById) {
    res = flip(document.getElementById(szDivId));
  }
  else if (document.all) {
    // this is the way old msie versions work
    res = flip(document.all[szDivId]);
  }
  if(elem) {
    if(res == 0) elem.innerHTML = msg1; else elem.innerHTML = msg2;
  }

}

function toggleAllBoxes() {
  if (document.getElementsByTagName) {
    d = document.getElementsByTagName('div');
    for (i = 0; i < d.length; i++) {
      if (d[i].className == 'log') {
        flip(d[i]);
      }
    }
  }
}

// -->
</script>

</head>
<body>
<h2 align='center'>ExecuteAllTC</h2><table border='1' align="center">
<tr>
<td>Tests passed/Failed/Skipped:</td><td>12/1/0</td>
</tr><tr>
<td>Started on:</td><td>Fri May 26 12:06:33 IST 2023</td>
</tr>
<tr><td>Total time:</td><td>72 seconds (72542 ms)</td>
</tr><tr>
<td>Included groups:</td><td></td>
</tr><tr>
<td>Excluded groups:</td><td></td>
</tr>
</table><p/>
<small><i>(Hover the method name to see the test class name)</i></small><p/>
<table width='100%' border='1' class='invocation-failed'>
<tr><td colspan='4' align='center'><b>FAILED TESTS</b></td></tr>
<tr><td><b>Test method</b></td>
<td><b>Attribute(s)</b></td>
<td width="30%"><b>Exception</b></td>
<td width="10%"><b>Time (seconds)</b></td>
<td><b>Instance</b></td>
</tr>
<tr>
<td title='com.instagram.qa.PageTest.HomePageTest.verifyHomePagefirstPostLikeBtn()'><b>verifyHomePagefirstPostLikeBtn</b><br>Test class: com.instagram.qa.PageTest.HomePageTest</td>
<td><div><pre>org.openqa.selenium.TimeoutException: Expected condition failed: waiting for visibility of element located by By.xpath: //article[@role=&apos;presentation&apos;][1]//div//div[3]//div//div//section//span//button//div//span//*[local-name()=&apos;svg&apos;] (tried for 15 second(s) with 500 milliseconds interval)
Build info: version: &apos;4.8.3&apos;, revision: &apos;e5e76298c3&apos;
System info: os.name: &apos;Windows 10&apos;, os.arch: &apos;amd64&apos;, os.version: &apos;10.0&apos;, java.version: &apos;19.0.2&apos;
Driver info: org.openqa.selenium.chrome.ChromeDriver
Capabilities {acceptInsecureCerts: false, browserName: chrome, browserVersion: 113.0.5672.127, chrome: {chromedriverVersion: 113.0.5672.63 (0e1a4471d5ae..., userDataDir: C:\Users\shiva\AppData\Loca...}, goog:chromeOptions: {debuggerAddress: localhost:57898}, networkConnectionEnabled: false, pageLoadStrategy: normal, platformName: WINDOWS, proxy: Proxy(), se:cdp: ws://localhost:57898/devtoo..., se:cdpVersion: 113.0.5672.127, setWindowRect: true, strictFileInteractability: false, timeouts: {implicit: 0, pageLoad: 300000, script: 30000}, unhandledPromptBehavior: dismiss and notify, webauthn:extension:credBlob: true, webauthn:extension:largeBlob: true, webauthn:extension:minPinLength: true, webauthn:extension:prf: true, webauthn:virtualAuthenticators: true}
Session ID: 076e09114ada38b2af4347f6c7394a1d
	at org.openqa.selenium.support.ui.WebDriverWait.timeoutException(WebDriverWait.java:87)
	at org.openqa.selenium.support.ui.FluentWait.until(FluentWait.java:231)
	at com.instagram.qa.AbstractComponents.AbstractCompnent.waitForElement(AbstractCompnent.java:27)
	at com.instagram.qa.pageObjects.HomePage.getLikeColor(HomePage.java:133)
	at com.instagram.qa.PageTest.HomePageTest.verifyHomePagefirstPostLikeBtn(HomePageTest.java:59)
	at java.base/java.util.ArrayList.forEach(ArrayList.java:1511)
... Removed 25 stack frames</pre></div><a href='#' onClick='toggleBox("stack-trace383403884", this, "Click to show all stack frames", "Click to hide stack frames")'>Click to show all stack frames</a>
<div class='stack-trace' id='stack-trace383403884'><pre>org.openqa.selenium.TimeoutException: Expected condition failed: waiting for visibility of element located by By.xpath: //article[@role=&apos;presentation&apos;][1]//div//div[3]//div//div//section//span//button//div//span//*[local-name()=&apos;svg&apos;] (tried for 15 second(s) with 500 milliseconds interval)
Build info: version: &apos;4.8.3&apos;, revision: &apos;e5e76298c3&apos;
System info: os.name: &apos;Windows 10&apos;, os.arch: &apos;amd64&apos;, os.version: &apos;10.0&apos;, java.version: &apos;19.0.2&apos;
Driver info: org.openqa.selenium.chrome.ChromeDriver
Capabilities {acceptInsecureCerts: false, browserName: chrome, browserVersion: 113.0.5672.127, chrome: {chromedriverVersion: 113.0.5672.63 (0e1a4471d5ae..., userDataDir: C:\Users\shiva\AppData\Loca...}, goog:chromeOptions: {debuggerAddress: localhost:57898}, networkConnectionEnabled: false, pageLoadStrategy: normal, platformName: WINDOWS, proxy: Proxy(), se:cdp: ws://localhost:57898/devtoo..., se:cdpVersion: 113.0.5672.127, setWindowRect: true, strictFileInteractability: false, timeouts: {implicit: 0, pageLoad: 300000, script: 30000}, unhandledPromptBehavior: dismiss and notify, webauthn:extension:credBlob: true, webauthn:extension:largeBlob: true, webauthn:extension:minPinLength: true, webauthn:extension:prf: true, webauthn:virtualAuthenticators: true}
Session ID: 076e09114ada38b2af4347f6c7394a1d
	at org.openqa.selenium.support.ui.WebDriverWait.timeoutException(WebDriverWait.java:87)
	at org.openqa.selenium.support.ui.FluentWait.until(FluentWait.java:231)
	at com.instagram.qa.AbstractComponents.AbstractCompnent.waitForElement(AbstractCompnent.java:27)
	at com.instagram.qa.pageObjects.HomePage.getLikeColor(HomePage.java:133)
	at com.instagram.qa.PageTest.HomePageTest.verifyHomePagefirstPostLikeBtn(HomePageTest.java:59)
	at java.base/jdk.internal.reflect.DirectMethodHandleAccessor.invoke(DirectMethodHandleAccessor.java:104)
	at java.base/java.lang.reflect.Method.invoke(Method.java:578)
	at org.testng.internal.invokers.MethodInvocationHelper.invokeMethod(MethodInvocationHelper.java:139)
	at org.testng.internal.invokers.TestInvoker.invokeMethod(TestInvoker.java:677)
	at org.testng.internal.invokers.TestInvoker.invokeTestMethod(TestInvoker.java:221)
	at org.testng.internal.invokers.MethodRunner.runInSequence(MethodRunner.java:50)
	at org.testng.internal.invokers.TestInvoker$MethodInvocationAgent.invoke(TestInvoker.java:969)
	at org.testng.internal.invokers.TestInvoker.invokeTestMethods(TestInvoker.java:194)
	at org.testng.internal.invokers.TestMethodWorker.invokeTestMethods(TestMethodWorker.java:148)
	at org.testng.internal.invokers.TestMethodWorker.run(TestMethodWorker.java:128)
	at java.base/java.util.ArrayList.forEach(ArrayList.java:1511)
	at org.testng.TestRunner.privateRun(TestRunner.java:829)
	at org.testng.TestRunner.run(TestRunner.java:602)
	at org.testng.SuiteRunner.runTest(SuiteRunner.java:437)
	at org.testng.SuiteRunner.runSequentially(SuiteRunner.java:431)
	at org.testng.SuiteRunner.privateRun(SuiteRunner.java:391)
	at org.testng.SuiteRunner.run(SuiteRunner.java:330)
	at org.testng.SuiteRunnerWorker.runSuite(SuiteRunnerWorker.java:52)
	at org.testng.SuiteRunnerWorker.run(SuiteRunnerWorker.java:95)
	at org.testng.TestNG.runSuitesSequentially(TestNG.java:1256)
	at org.testng.TestNG.runSuitesLocally(TestNG.java:1176)
	at org.testng.TestNG.runSuites(TestNG.java:1099)
	at org.testng.TestNG.run(TestNG.java:1067)
	at org.testng.remote.AbstractRemoteTestNG.run(AbstractRemoteTestNG.java:115)
	at org.testng.remote.RemoteTestNG.initAndRun(RemoteTestNG.java:251)
	at org.testng.remote.RemoteTestNG.main(RemoteTestNG.java:77)
</pre></div></td>
<td>17</td>
<td>com.instagram.qa.PageTest.HomePageTest@5217f3d0</td></tr>
</table><p>
<table width='100%' border='1' class='invocation-passed'>
<tr><td colspan='4' align='center'><b>PASSED TESTS</b></td></tr>
<tr><td><b>Test method</b></td>
<td><b>Attribute(s)</b></td>
<td width="30%"><b>Exception</b></td>
<td width="10%"><b>Time (seconds)</b></td>
<td><b>Instance</b></td>
</tr>
<tr>
<td title='com.instagram.qa.PageTest.ReelsPageTest.verifyLikeFirstReel()'><b>verifyLikeFirstReel</b><br>Test class: com.instagram.qa.PageTest.ReelsPageTest</td>
<td></td>
<td>9</td>
<td>com.instagram.qa.PageTest.ReelsPageTest@37ebc9d8</td></tr>
<tr>
<td title='com.instagram.qa.PageTest.ReelsPageTest.VerifytheScroolReels()'><b>VerifytheScroolReels</b><br>Test class: com.instagram.qa.PageTest.ReelsPageTest</td>
<td></td>
<td>0</td>
<td>com.instagram.qa.PageTest.ReelsPageTest@37ebc9d8</td></tr>
<tr>
<td title='com.instagram.qa.PageTest.LoginPageTest.verifyLoginAppWithValiedCredentials()'><b>verifyLoginAppWithValiedCredentials</b><br>Test class: com.instagram.qa.PageTest.LoginPageTest</td>
<td></td>
<td>8</td>
<td>com.instagram.qa.PageTest.LoginPageTest@72f46e16</td></tr>
<tr>
<td title='com.instagram.qa.PageTest.HomePageTest.verifyScrollAndLikePost()'><b>verifyScrollAndLikePost</b><br>Test class: com.instagram.qa.PageTest.HomePageTest</td>
<td></td>
<td>9</td>
<td>com.instagram.qa.PageTest.HomePageTest@5217f3d0</td></tr>
<tr>
<td title='com.instagram.qa.PageTest.LoginPageTest.verifyLoginPageMicrosoftLink()'><b>verifyLoginPageMicrosoftLink</b><br>Test class: com.instagram.qa.PageTest.LoginPageTest</td>
<td></td>
<td>0</td>
<td>com.instagram.qa.PageTest.LoginPageTest@72f46e16</td></tr>
<tr>
<td title='com.instagram.qa.PageTest.LoginPageTest.verifyLoginPageTitleAndLogo()'><b>verifyLoginPageTitleAndLogo</b><br>Test class: com.instagram.qa.PageTest.LoginPageTest</td>
<td></td>
<td>0</td>
<td>com.instagram.qa.PageTest.LoginPageTest@72f46e16</td></tr>
<tr>
<td title='com.instagram.qa.PageTest.CreatPageTest.verifyfileUploadInstagaram()'><b>verifyfileUploadInstagaram</b><br>Test class: com.instagram.qa.PageTest.CreatPageTest</td>
<td></td>
<td>11</td>
<td>com.instagram.qa.PageTest.CreatPageTest@293bb8a5</td></tr>
<tr>
<td title='com.instagram.qa.PageTest.LoginPageTest.verifyLoginPageGooglePlayLink()'><b>verifyLoginPageGooglePlayLink</b><br>Test class: com.instagram.qa.PageTest.LoginPageTest</td>
<td></td>
<td>0</td>
<td>com.instagram.qa.PageTest.LoginPageTest@72f46e16</td></tr>
<tr>
<td title='com.instagram.qa.PageTest.HomePageTest.verifyLogoutButtonTest()'><b>verifyLogoutButtonTest</b><br>Test class: com.instagram.qa.PageTest.HomePageTest</td>
<td></td>
<td>5</td>
<td>com.instagram.qa.PageTest.HomePageTest@5217f3d0</td></tr>
<tr>
<td title='com.instagram.qa.PageTest.HomePageTest.verifyHomePageTitleAndLogo()'><b>verifyHomePageTitleAndLogo</b><br>Test class: com.instagram.qa.PageTest.HomePageTest</td>
<td></td>
<td>0</td>
<td>com.instagram.qa.PageTest.HomePageTest@5217f3d0</td></tr>
<tr>
<td title='com.instagram.qa.PageTest.CreatPageTest.verifyCreatPageLabel()'><b>verifyCreatPageLabel</b><br>Test class: com.instagram.qa.PageTest.CreatPageTest</td>
<td></td>
<td>0</td>
<td>com.instagram.qa.PageTest.CreatPageTest@293bb8a5</td></tr>
<tr>
<td title='com.instagram.qa.PageTest.HomePageTest.verifyUserName()'><b>verifyUserName</b><br>Test class: com.instagram.qa.PageTest.HomePageTest</td>
<td></td>
<td>0</td>
<td>com.instagram.qa.PageTest.HomePageTest@5217f3d0</td></tr>
</table><p>
</body>
</html>