<!DOCTYPE html PUBLIC "-//W3C//DTD XHTML 1.1//EN" "https://www.w3.org/TR/xhtml11/DTD/xhtml11.dtd">
<html xmlns="https://www.w3.org/1999/xhtml">
<head>
<meta http-equiv="content-type" content="text/html; charset=UTF-8"/>
<title>TestNG Report</title>
<style type="text/css">table {margin-bottom:10px;border-collapse:collapse;empty-cells:show}th,td {border:1px solid #009;padding:.25em .5em}th {vertical-align:bottom}td {vertical-align:top}table a {font-weight:bold}.stripe td {background-color: #E6EBF9}.num {text-align:right}.passedodd td {background-color: #3F3}.passedeven td {background-color: #0A0}.skippedodd td {background-color: #DDD}.skippedeven td {background-color: #CCC}.failedodd td,.attn {background-color: #F33}.failedeven td,.stripe .attn {background-color: #D00}.stacktrace {white-space:pre;font-family:monospace}.totop {font-size:85%;text-align:center;border-bottom:2px solid #000}.invisible {display:none}</style>
</head>
<body>
<table>
<tr><th>Test</th><th># Passed</th><th># Skipped</th><th># Retried</th><th># Failed</th><th>Time (ms)</th><th>Included Groups</th><th>Excluded Groups</th></tr>
<tr><th colspan="8">Instagram</th></tr>
<tr><td><a href="#t0">ExecuteAllTC</a></td><td class="num">11</td><td class="num">0</td><td class="num">0</td><td class="num attn">2</td><td class="num">46,329</td><td></td><td></td></tr>
</table>
<table id='summary'><thead><tr><th>Class</th><th>Method</th><th>Start</th><th>Time (ms)</th></tr></thead><tbody><tr><th colspan="4">Instagram</th></tr></tbody><tbody id="t0"><tr><th colspan="4">ExecuteAllTC &#8212; failed</th></tr><tr class="failedeven"><td rowspan="1">com.instagram.qa.PageTest.CreatPageTest</td><td><a href="#m0">verifyfileUploadInstagaram</a></td><td rowspan="1">1686736251382</td><td rowspan="1">5614</td></tr><tr class="failedodd"><td rowspan="1">com.instagram.qa.PageTest.HomePageTest</td><td><a href="#m1">verifyHomePagefirstPostLikeBtn</a></td><td rowspan="1">1686736219837</td><td rowspan="1">9473</td></tr><tr><th colspan="4">ExecuteAllTC &#8212; passed</th></tr><tr class="passedeven"><td rowspan="1">com.instagram.qa.PageTest.CreatPageTest</td><td><a href="#m2">verifyCreatPageLabel</a></td><td rowspan="1">1686736250893</td><td rowspan="1">487</td></tr><tr class="passedodd"><td rowspan="4">com.instagram.qa.PageTest.HomePageTest</td><td><a href="#m3">verifyHomePageTitleAndLogo</a></td><td rowspan="1">1686736219766</td><td rowspan="1">36</td></tr><tr class="passedodd"><td><a href="#m4">verifyLogoutButtonTest</a></td><td rowspan="1">1686736233411</td><td rowspan="1">3367</td></tr><tr class="passedodd"><td><a href="#m5">verifyScrollAndLikePost</a></td><td rowspan="1">1686736229595</td><td rowspan="1">3814</td></tr><tr class="passedodd"><td><a href="#m6">verifyUserName</a></td><td rowspan="1">1686736219804</td><td rowspan="1">31</td></tr><tr class="passedeven"><td rowspan="4">com.instagram.qa.PageTest.LoginPageTest</td><td><a href="#m7">verifyLoginAppWithValiedCredentials</a></td><td rowspan="1">1686736211703</td><td rowspan="1">8058</td></tr><tr class="passedeven"><td><a href="#m8">verifyLoginPageGooglePlayLink</a></td><td rowspan="1">1686736211645</td><td rowspan="1">31</td></tr><tr class="passedeven"><td><a href="#m9">verifyLoginPageMicrosoftLink</a></td><td rowspan="1">1686736211678</td><td rowspan="1">24</td></tr><tr class="passedeven"><td><a href="#m10">verifyLoginPageTitleAndLogo</a></td><td rowspan="1">1686736211195</td><td rowspan="1">435</td></tr><tr class="passedodd"><td rowspan="2">com.instagram.qa.PageTest.ReelsPageTest</td><td><a href="#m11">VerifytheScroolReels</a></td><td rowspan="1">1686736250314</td><td rowspan="1">381</td></tr><tr class="passedodd"><td><a href="#m12">verifyLikeFirstReel</a></td><td rowspan="1">1686736243550</td><td rowspan="1">6762</td></tr></tbody>
</table>
<h2>ExecuteAllTC</h2><h3 id="m0">com.instagram.qa.PageTest.CreatPageTest#verifyfileUploadInstagaram</h3><table class="result"><tr><th>Exception</th></tr><tr><td><div class="stacktrace">org.openqa.selenium.NoSuchElementException: no such element: Unable to locate element: {&quot;method&quot;:&quot;xpath&quot;,&quot;selector&quot;:&quot;//div[text()=&apos;Next&apos;]&quot;}
  (Session info: chrome=114.0.5735.111)
For documentation on this error, please visit: https://selenium.dev/exceptions/#no_such_element
Build info: version: &apos;4.8.3&apos;, revision: &apos;e5e76298c3&apos;
System info: os.name: &apos;Windows 10&apos;, os.arch: &apos;amd64&apos;, os.version: &apos;10.0&apos;, java.version: &apos;17.0.6&apos;
Driver info: org.openqa.selenium.chrome.ChromeDriver
Command: [1c0750f9a7303583b7a50408402b911e, findElement {using=xpath, value=//div[text()=&apos;Next&apos;]}]
Capabilities {acceptInsecureCerts: false, browserName: chrome, browserVersion: 114.0.5735.111, chrome: {chromedriverVersion: 114.0.5735.90 (386bc09e8f4f..., userDataDir: C:\Users\rsreddy\AppData\Lo...}, goog:chromeOptions: {debuggerAddress: localhost:61781}, networkConnectionEnabled: false, pageLoadStrategy: normal, platformName: WINDOWS, proxy: Proxy(), se:cdp: ws://localhost:61781/devtoo..., se:cdpVersion: 114.0.5735.111, setWindowRect: true, strictFileInteractability: false, timeouts: {implicit: 0, pageLoad: 300000, script: 30000}, unhandledPromptBehavior: dismiss and notify, webauthn:extension:credBlob: true, webauthn:extension:largeBlob: true, webauthn:extension:minPinLength: true, webauthn:extension:prf: true, webauthn:virtualAuthenticators: true}
Session ID: 1c0750f9a7303583b7a50408402b911e
	at org.openqa.selenium.remote.codec.w3c.W3CHttpResponseCodec.createException(W3CHttpResponseCodec.java:200)
	at org.openqa.selenium.remote.codec.w3c.W3CHttpResponseCodec.decode(W3CHttpResponseCodec.java:133)
	at org.openqa.selenium.remote.codec.w3c.W3CHttpResponseCodec.decode(W3CHttpResponseCodec.java:53)
	at org.openqa.selenium.remote.HttpCommandExecutor.execute(HttpCommandExecutor.java:193)
	at org.openqa.selenium.remote.service.DriverCommandExecutor.invokeExecute(DriverCommandExecutor.java:183)
	at org.openqa.selenium.remote.service.DriverCommandExecutor.execute(DriverCommandExecutor.java:158)
	at org.openqa.selenium.remote.RemoteWebDriver.execute(RemoteWebDriver.java:543)
	at org.openqa.selenium.remote.ElementLocation$ElementFinder$2.findElement(ElementLocation.java:162)
	at org.openqa.selenium.remote.ElementLocation.findElement(ElementLocation.java:60)
	at org.openqa.selenium.remote.RemoteWebDriver.findElement(RemoteWebDriver.java:352)
	at org.openqa.selenium.remote.RemoteWebDriver.findElement(RemoteWebDriver.java:344)
	at org.openqa.selenium.support.pagefactory.DefaultElementLocator.findElement(DefaultElementLocator.java:70)
	at org.openqa.selenium.support.pagefactory.internal.LocatingElementHandler.invoke(LocatingElementHandler.java:39)
	at jdk.proxy2/jdk.proxy2.$Proxy35.click(Unknown Source)
	at com.instagram.qa.pageObjects.CreatPage.clickNextBtn(CreatPage.java:50)
	at com.instagram.qa.pageObjects.CreatPage.fileUploadInstagaram(CreatPage.java:69)
	at com.instagram.qa.PageTest.CreatPageTest.verifyfileUploadInstagaram(CreatPageTest.java:51)
	at java.base/java.util.ArrayList.forEach(ArrayList.java:1511)
... Removed 32 stack frames</div></td></tr></table><p class="totop"><a href="#summary">back to summary</a></p>
<h3 id="m1">com.instagram.qa.PageTest.HomePageTest#verifyHomePagefirstPostLikeBtn</h3><table class="result"><tr><th>Exception</th></tr><tr><td><div class="stacktrace">java.lang.AssertionError: expected [rgb(255, 48, 64)] but found [rgb(38, 38, 38)]
	at com.instagram.qa.PageTest.HomePageTest.verifyHomePagefirstPostLikeBtn(HomePageTest.java:60)
	at java.base/java.util.ArrayList.forEach(ArrayList.java:1511)
... Removed 33 stack frames</div></td></tr></table><p class="totop"><a href="#summary">back to summary</a></p>
<h3 id="m2">com.instagram.qa.PageTest.CreatPageTest#verifyCreatPageLabel</h3><table class="result"><tr><th class="invisible"/></tr></table><p class="totop"><a href="#summary">back to summary</a></p>
<h3 id="m3">com.instagram.qa.PageTest.HomePageTest#verifyHomePageTitleAndLogo</h3><table class="result"><tr><th class="invisible"/></tr></table><p class="totop"><a href="#summary">back to summary</a></p>
<h3 id="m4">com.instagram.qa.PageTest.HomePageTest#verifyLogoutButtonTest</h3><table class="result"><tr><th class="invisible"/></tr></table><p class="totop"><a href="#summary">back to summary</a></p>
<h3 id="m5">com.instagram.qa.PageTest.HomePageTest#verifyScrollAndLikePost</h3><table class="result"><tr class="param"><th>Parameter #1</th></tr><tr class="param stripe"><td>5</td></tr></table><p class="totop"><a href="#summary">back to summary</a></p>
<h3 id="m6">com.instagram.qa.PageTest.HomePageTest#verifyUserName</h3><table class="result"><tr><th class="invisible"/></tr></table><p class="totop"><a href="#summary">back to summary</a></p>
<h3 id="m7">com.instagram.qa.PageTest.LoginPageTest#verifyLoginAppWithValiedCredentials</h3><table class="result"><tr><th class="invisible"/></tr></table><p class="totop"><a href="#summary">back to summary</a></p>
<h3 id="m8">com.instagram.qa.PageTest.LoginPageTest#verifyLoginPageGooglePlayLink</h3><table class="result"><tr><th class="invisible"/></tr></table><p class="totop"><a href="#summary">back to summary</a></p>
<h3 id="m9">com.instagram.qa.PageTest.LoginPageTest#verifyLoginPageMicrosoftLink</h3><table class="result"><tr><th class="invisible"/></tr></table><p class="totop"><a href="#summary">back to summary</a></p>
<h3 id="m10">com.instagram.qa.PageTest.LoginPageTest#verifyLoginPageTitleAndLogo</h3><table class="result"><tr><th class="invisible"/></tr></table><p class="totop"><a href="#summary">back to summary</a></p>
<h3 id="m11">com.instagram.qa.PageTest.ReelsPageTest#VerifytheScroolReels</h3><table class="result"><tr><th class="invisible"/></tr></table><p class="totop"><a href="#summary">back to summary</a></p>
<h3 id="m12">com.instagram.qa.PageTest.ReelsPageTest#verifyLikeFirstReel</h3><table class="result"><tr><th class="invisible"/></tr></table><p class="totop"><a href="#summary">back to summary</a></p>
</body>
</html>
